{"C:\\Users\\mital\\OneDrive\\Documents\\idx-exchange-property-search\\backend\\routes\\properties.js": {"path":"C:\\Users\\mital\\OneDrive\\Documents\\idx-exchange-property-search\\backend\\routes\\properties.js","statementMap":{"0":{"start":{"line":4,"column":16},"end":{"line":4,"column":34}},"1":{"start":{"line":5,"column":15},"end":{"line":5,"column":31}},"2":{"start":{"line":6,"column":13},"end":{"line":6,"column":34}},"3":{"start":{"line":16,"column":2},"end":{"line":16,"column":39}},"4":{"start":{"line":16,"column":27},"end":{"line":16,"column":39}},"5":{"start":{"line":18,"column":17},"end":{"line":18,"column":30}},"6":{"start":{"line":20,"column":2},"end":{"line":22,"column":3}},"7":{"start":{"line":21,"column":4},"end":{"line":21,"column":78}},"8":{"start":{"line":23,"column":2},"end":{"line":25,"column":3}},"9":{"start":{"line":24,"column":4},"end":{"line":24,"column":76}},"10":{"start":{"line":27,"column":2},"end":{"line":27,"column":16}},"11":{"start":{"line":32,"column":2},"end":{"line":32,"column":39}},"12":{"start":{"line":32,"column":27},"end":{"line":32,"column":39}},"13":{"start":{"line":34,"column":17},"end":{"line":34,"column":30}},"14":{"start":{"line":36,"column":2},"end":{"line":38,"column":3}},"15":{"start":{"line":37,"column":4},"end":{"line":37,"column":76}},"16":{"start":{"line":40,"column":2},"end":{"line":40,"column":16}},"17":{"start":{"line":43,"column":0},"end":{"line":110,"column":3}},"18":{"start":{"line":44,"column":2},"end":{"line":109,"column":3}},"19":{"start":{"line":47,"column":18},"end":{"line":47,"column":73}},"20":{"start":{"line":48,"column":19},"end":{"line":48,"column":76}},"21":{"start":{"line":51,"column":21},"end":{"line":51,"column":75}},"22":{"start":{"line":52,"column":21},"end":{"line":52,"column":75}},"23":{"start":{"line":53,"column":17},"end":{"line":53,"column":57}},"24":{"start":{"line":54,"column":18},"end":{"line":54,"column":60}},"25":{"start":{"line":56,"column":14},"end":{"line":56,"column":53}},"26":{"start":{"line":57,"column":19},"end":{"line":57,"column":74}},"27":{"start":{"line":58,"column":17},"end":{"line":58,"column":19}},"28":{"start":{"line":59,"column":22},"end":{"line":59,"column":24}},"29":{"start":{"line":64,"column":6},"end":{"line":69,"column":7}},"30":{"start":{"line":65,"column":8},"end":{"line":65,"column":46}},"31":{"start":{"line":66,"column":8},"end":{"line":66,"column":51}},"32":{"start":{"line":67,"column":8},"end":{"line":67,"column":27}},"33":{"start":{"line":68,"column":8},"end":{"line":68,"column":32}},"34":{"start":{"line":75,"column":4},"end":{"line":78,"column":5}},"35":{"start":{"line":76,"column":29},"end":{"line":76,"column":64}},"36":{"start":{"line":77,"column":6},"end":{"line":77,"column":56}},"37":{"start":{"line":80,"column":4},"end":{"line":80,"column":47}},"38":{"start":{"line":81,"column":4},"end":{"line":81,"column":47}},"39":{"start":{"line":82,"column":4},"end":{"line":82,"column":47}},"40":{"start":{"line":83,"column":4},"end":{"line":83,"column":40}},"41":{"start":{"line":84,"column":4},"end":{"line":84,"column":39}},"42":{"start":{"line":86,"column":4},"end":{"line":86,"column":31}},"43":{"start":{"line":87,"column":4},"end":{"line":87,"column":31}},"44":{"start":{"line":90,"column":19},"end":{"line":90,"column":48}},"45":{"start":{"line":91,"column":24},"end":{"line":91,"column":63}},"46":{"start":{"line":92,"column":18},"end":{"line":92,"column":36}},"47":{"start":{"line":94,"column":4},"end":{"line":99,"column":7}},"48":{"start":{"line":102,"column":4},"end":{"line":105,"column":5}},"49":{"start":{"line":104,"column":6},"end":{"line":104,"column":58}},"50":{"start":{"line":107,"column":4},"end":{"line":107,"column":62}},"51":{"start":{"line":108,"column":4},"end":{"line":108,"column":68}},"52":{"start":{"line":114,"column":0},"end":{"line":146,"column":3}},"53":{"start":{"line":115,"column":2},"end":{"line":145,"column":3}},"54":{"start":{"line":117,"column":22},"end":{"line":117,"column":59}},"55":{"start":{"line":122,"column":27},"end":{"line":125,"column":5}},"56":{"start":{"line":127,"column":4},"end":{"line":129,"column":5}},"57":{"start":{"line":128,"column":6},"end":{"line":128,"column":88}},"58":{"start":{"line":132,"column":28},"end":{"line":135,"column":5}},"59":{"start":{"line":137,"column":4},"end":{"line":137,"column":35}},"60":{"start":{"line":140,"column":4},"end":{"line":142,"column":5}},"61":{"start":{"line":141,"column":6},"end":{"line":141,"column":58}},"62":{"start":{"line":143,"column":4},"end":{"line":143,"column":90}},"63":{"start":{"line":144,"column":4},"end":{"line":144,"column":68}},"64":{"start":{"line":150,"column":0},"end":{"line":175,"column":3}},"65":{"start":{"line":151,"column":2},"end":{"line":174,"column":3}},"66":{"start":{"line":154,"column":22},"end":{"line":154,"column":59}},"67":{"start":{"line":157,"column":19},"end":{"line":160,"column":5}},"68":{"start":{"line":162,"column":4},"end":{"line":164,"column":5}},"69":{"start":{"line":163,"column":6},"end":{"line":163,"column":88}},"70":{"start":{"line":166,"column":4},"end":{"line":166,"column":29}},"71":{"start":{"line":169,"column":4},"end":{"line":171,"column":5}},"72":{"start":{"line":170,"column":6},"end":{"line":170,"column":58}},"73":{"start":{"line":172,"column":4},"end":{"line":172,"column":79}},"74":{"start":{"line":173,"column":4},"end":{"line":173,"column":68}},"75":{"start":{"line":177,"column":0},"end":{"line":177,"column":24}}},"fnMap":{"0":{"name":"parsePositiveInt","decl":{"start":{"line":15,"column":9},"end":{"line":15,"column":25}},"loc":{"start":{"line":15,"column":56},"end":{"line":28,"column":1}},"line":15},"1":{"name":"parseNonNegativeNumber","decl":{"start":{"line":31,"column":9},"end":{"line":31,"column":31}},"loc":{"start":{"line":31,"column":50},"end":{"line":41,"column":1}},"line":31},"2":{"name":"(anonymous_2)","decl":{"start":{"line":43,"column":16},"end":{"line":43,"column":17}},"loc":{"start":{"line":43,"column":36},"end":{"line":110,"column":1}},"line":43},"3":{"name":"addFilter","decl":{"start":{"line":63,"column":13},"end":{"line":63,"column":22}},"loc":{"start":{"line":63,"column":48},"end":{"line":70,"column":5}},"line":63},"4":{"name":"(anonymous_4)","decl":{"start":{"line":114,"column":30},"end":{"line":114,"column":31}},"loc":{"start":{"line":114,"column":50},"end":{"line":146,"column":1}},"line":114},"5":{"name":"(anonymous_5)","decl":{"start":{"line":150,"column":19},"end":{"line":150,"column":20}},"loc":{"start":{"line":150,"column":39},"end":{"line":175,"column":1}},"line":150}},"branchMap":{"0":{"loc":{"start":{"line":15,"column":44},"end":{"line":15,"column":54}},"type":"default-arg","locations":[{"start":{"line":15,"column":50},"end":{"line":15,"column":54}}],"line":15},"1":{"loc":{"start":{"line":16,"column":2},"end":{"line":16,"column":39}},"type":"if","locations":[{"start":{"line":16,"column":2},"end":{"line":16,"column":39}},{"start":{},"end":{}}],"line":16},"2":{"loc":{"start":{"line":20,"column":2},"end":{"line":22,"column":3}},"type":"if","locations":[{"start":{"line":20,"column":2},"end":{"line":22,"column":3}},{"start":{},"end":{}}],"line":20},"3":{"loc":{"start":{"line":20,"column":6},"end":{"line":20,"column":46}},"type":"binary-expr","locations":[{"start":{"line":20,"column":6},"end":{"line":20,"column":31}},{"start":{"line":20,"column":35},"end":{"line":20,"column":46}}],"line":20},"4":{"loc":{"start":{"line":23,"column":2},"end":{"line":25,"column":3}},"type":"if","locations":[{"start":{"line":23,"column":2},"end":{"line":25,"column":3}},{"start":{},"end":{}}],"line":23},"5":{"loc":{"start":{"line":23,"column":6},"end":{"line":23,"column":34}},"type":"binary-expr","locations":[{"start":{"line":23,"column":6},"end":{"line":23,"column":18}},{"start":{"line":23,"column":22},"end":{"line":23,"column":34}}],"line":23},"6":{"loc":{"start":{"line":32,"column":2},"end":{"line":32,"column":39}},"type":"if","locations":[{"start":{"line":32,"column":2},"end":{"line":32,"column":39}},{"start":{},"end":{}}],"line":32},"7":{"loc":{"start":{"line":36,"column":2},"end":{"line":38,"column":3}},"type":"if","locations":[{"start":{"line":36,"column":2},"end":{"line":38,"column":3}},{"start":{},"end":{}}],"line":36},"8":{"loc":{"start":{"line":36,"column":6},"end":{"line":36,"column":40}},"type":"binary-expr","locations":[{"start":{"line":36,"column":6},"end":{"line":36,"column":26}},{"start":{"line":36,"column":30},"end":{"line":36,"column":40}}],"line":36},"9":{"loc":{"start":{"line":47,"column":35},"end":{"line":47,"column":58}},"type":"binary-expr","locations":[{"start":{"line":47,"column":35},"end":{"line":47,"column":50}},{"start":{"line":47,"column":54},"end":{"line":47,"column":58}}],"line":47},"10":{"loc":{"start":{"line":48,"column":42},"end":{"line":48,"column":65}},"type":"binary-expr","locations":[{"start":{"line":48,"column":42},"end":{"line":48,"column":58}},{"start":{"line":48,"column":62},"end":{"line":48,"column":65}}],"line":48},"11":{"loc":{"start":{"line":64,"column":6},"end":{"line":69,"column":7}},"type":"if","locations":[{"start":{"line":64,"column":6},"end":{"line":69,"column":7}},{"start":{},"end":{}}],"line":64},"12":{"loc":{"start":{"line":64,"column":10},"end":{"line":64,"column":47}},"type":"binary-expr","locations":[{"start":{"line":64,"column":10},"end":{"line":64,"column":29}},{"start":{"line":64,"column":33},"end":{"line":64,"column":47}}],"line":64},"13":{"loc":{"start":{"line":75,"column":4},"end":{"line":78,"column":5}},"type":"if","locations":[{"start":{"line":75,"column":4},"end":{"line":78,"column":5}},{"start":{},"end":{}}],"line":75},"14":{"loc":{"start":{"line":102,"column":4},"end":{"line":105,"column":5}},"type":"if","locations":[{"start":{"line":102,"column":4},"end":{"line":105,"column":5}},{"start":{},"end":{}}],"line":102},"15":{"loc":{"start":{"line":127,"column":4},"end":{"line":129,"column":5}},"type":"if","locations":[{"start":{"line":127,"column":4},"end":{"line":129,"column":5}},{"start":{},"end":{}}],"line":127},"16":{"loc":{"start":{"line":140,"column":4},"end":{"line":142,"column":5}},"type":"if","locations":[{"start":{"line":140,"column":4},"end":{"line":142,"column":5}},{"start":{},"end":{}}],"line":140},"17":{"loc":{"start":{"line":162,"column":4},"end":{"line":164,"column":5}},"type":"if","locations":[{"start":{"line":162,"column":4},"end":{"line":164,"column":5}},{"start":{},"end":{}}],"line":162},"18":{"loc":{"start":{"line":169,"column":4},"end":{"line":171,"column":5}},"type":"if","locations":[{"start":{"line":169,"column":4},"end":{"line":171,"column":5}},{"start":{},"end":{}}],"line":169}},"s":{"0":1,"1":1,"2":1,"3":20,"4":8,"5":12,"6":12,"7":2,"8":10,"9":0,"10":10,"11":14,"12":8,"13":6,"14":6,"15":1,"16":5,"17":1,"18":6,"19":6,"20":5,"21":5,"22":4,"23":4,"24":4,"25":4,"26":4,"27":4,"28":4,"29":21,"30":1,"31":1,"32":1,"33":1,"34":4,"35":1,"36":1,"37":4,"38":4,"39":4,"40":4,"41":4,"42":4,"43":4,"44":4,"45":3,"46":3,"47":3,"48":3,"49":2,"50":1,"51":1,"52":1,"53":3,"54":3,"55":3,"56":3,"57":1,"58":2,"59":2,"60":0,"61":0,"62":0,"63":0,"64":1,"65":3,"66":3,"67":2,"68":2,"69":1,"70":1,"71":1,"72":1,"73":0,"74":0,"75":1},"f":{"0":20,"1":14,"2":6,"3":21,"4":3,"5":3},"b":{"0":[14],"1":[8,12],"2":[2,10],"3":[12,11],"4":[0,10],"5":[10,5],"6":[8,6],"7":[1,5],"8":[6,5],"9":[6,4],"10":[5,4],"11":[1,20],"12":[21,17],"13":[1,3],"14":[2,1],"15":[1,2],"16":[0,0],"17":[1,1],"18":[1,0]},"_coverageSchema":"1a1c01bbd47fc00a2c39e90264f33305004495a9","hash":"ea205542e8c14bad7d4725362f28483a5701037c"}
}
