TN:
SF:routes\properties.js
FN:15,parsePositiveInt
FN:31,parseNonNegativeNumber
FN:43,(anonymous_2)
FN:63,addFilter
FN:114,(anonymous_4)
FN:150,(anonymous_5)
FNF:6
FNH:6
FNDA:20,parsePositiveInt
FNDA:14,parseNonNegativeNumber
FNDA:6,(anonymous_2)
FNDA:21,addFilter
FNDA:3,(anonymous_4)
FNDA:3,(anonymous_5)
DA:4,1
DA:5,1
DA:6,1
DA:16,20
DA:18,12
DA:20,12
DA:21,2
DA:23,10
DA:24,0
DA:27,10
DA:32,14
DA:34,6
DA:36,6
DA:37,1
DA:40,5
DA:43,1
DA:44,6
DA:47,6
DA:48,5
DA:51,5
DA:52,4
DA:53,4
DA:54,4
DA:56,4
DA:57,4
DA:58,4
DA:59,4
DA:64,21
DA:65,1
DA:66,1
DA:67,1
DA:68,1
DA:75,4
DA:76,1
DA:77,1
DA:80,4
DA:81,4
DA:82,4
DA:83,4
DA:84,4
DA:86,4
DA:87,4
DA:90,4
DA:91,3
DA:92,3
DA:94,3
DA:102,3
DA:104,2
DA:107,1
DA:108,1
DA:114,1
DA:115,3
DA:117,3
DA:122,3
DA:127,3
DA:128,1
DA:132,2
DA:137,2
DA:140,0
DA:141,0
DA:143,0
DA:144,0
DA:150,1
DA:151,3
DA:154,3
DA:157,2
DA:162,2
DA:163,1
DA:166,1
DA:169,1
DA:170,1
DA:172,0
DA:173,0
DA:177,1
LF:74
LH:67
BRDA:15,0,0,14
BRDA:16,1,0,8
BRDA:16,1,1,12
BRDA:20,2,0,2
BRDA:20,2,1,10
BRDA:20,3,0,12
BRDA:20,3,1,11
BRDA:23,4,0,0
BRDA:23,4,1,10
BRDA:23,5,0,10
BRDA:23,5,1,5
BRDA:32,6,0,8
BRDA:32,6,1,6
BRDA:36,7,0,1
BRDA:36,7,1,5
BRDA:36,8,0,6
BRDA:36,8,1,5
BRDA:47,9,0,6
BRDA:47,9,1,4
BRDA:48,10,0,5
BRDA:48,10,1,4
BRDA:64,11,0,1
BRDA:64,11,1,20
BRDA:64,12,0,21
BRDA:64,12,1,17
BRDA:75,13,0,1
BRDA:75,13,1,3
BRDA:102,14,0,2
BRDA:102,14,1,1
BRDA:127,15,0,1
BRDA:127,15,1,2
BRDA:140,16,0,0
BRDA:140,16,1,0
BRDA:162,17,0,1
BRDA:162,17,1,1
BRDA:169,18,0,1
BRDA:169,18,1,0
BRF:37
BRH:33
end_of_record
